[     664ms] [INFO] %cDownload the React DevTools for a better development experience: https://react.dev/link/react-devtools font-weight:bold @ http://localhost:3000/_next/static/chunks/81ac0_next_dist_ab222df0._.js:2297
[     762ms] [LOG] [HMR] connected @ http://localhost:3000/_next/static/chunks/81ac0_next_dist_ab222df0._.js:2297
[    1019ms] [LOG] [Fast Refresh] rebuilding @ http://localhost:3000/_next/static/chunks/81ac0_next_dist_ab222df0._.js:2297
[    1102ms] [LOG] [scroll-diagnostics] navbar measured: 81px @ http://localhost:3000/_next/static/chunks/81ac0_next_dist_ab222df0._.js:2297
[    1103ms] [LOG] [scroll-diagnostics] breadcrumb measured: 40px (display: block, position: sticky) @ http://localhost:3000/_next/static/chunks/81ac0_next_dist_ab222df0._.js:2297
[    1104ms] [LOG] [scroll-fix] Offset calculation: {navbarHeight: 81, breadcrumbHeight: 40, effectiveNavbarHeight: 0, baseGap: 0, extraOffset: 0} @ http://localhost:3000/_next/static/chunks/81ac0_next_dist_ab222df0._.js:2297
[    1132ms] [LOG] [scroll-diagnostics] navbar measured: 81px @ http://localhost:3000/_next/static/chunks/81ac0_next_dist_ab222df0._.js:2297
[    1133ms] [LOG] [scroll-diagnostics] breadcrumb measured: 40px (display: block, position: sticky) @ http://localhost:3000/_next/static/chunks/81ac0_next_dist_ab222df0._.js:2297
[    1133ms] [LOG] [scroll-fix] Offset calculation: {navbarHeight: 81, breadcrumbHeight: 40, effectiveNavbarHeight: 0, baseGap: 0, extraOffset: 0} @ http://localhost:3000/_next/static/chunks/81ac0_next_dist_ab222df0._.js:2297
[    1197ms] [LOG] [Fast Refresh] done in 287ms @ http://localhost:3000/_next/static/chunks/81ac0_next_dist_ab222df0._.js:2297
[    1281ms] [LOG] %c[Vercel Web Analytics]%c Debug mode is enabled by default in development. No requests will be sent to the server. color: rgb(120, 120, 120) color: inherit @ http://localhost:3000/_next/static/chunks/81ac0_next_dist_ab222df0._.js:2297
[    1281ms] [LOG] %c[Vercel Web Analytics]%c Running queued event color: rgb(120, 120, 120) color: inherit pageview {route: /about, path: /about} @ http://localhost:3000/_next/static/chunks/81ac0_next_dist_ab222df0._.js:2297
[    1282ms] [LOG] %c[Vercel Web Analytics]%c [view] http://localhost:3000/about color: rgb(120, 120, 120) color: inherit {o: http://localhost:3000/about, sv: 0.1.3, sdkn: @vercel/analytics/next, sdkv: 1.6.1, ts: 1776700787806} /_vercel/insights/view @ http://localhost:3000/_next/static/chunks/81ac0_next_dist_ab222df0._.js:2297
[    4411ms] [LOG] [scroll-diagnostics] navbar measured: 81px @ http://localhost:3000/_next/static/chunks/81ac0_next_dist_ab222df0._.js:2297
[    4412ms] [LOG] [scroll-diagnostics] breadcrumb measured: 40px (display: block, position: sticky) @ http://localhost:3000/_next/static/chunks/81ac0_next_dist_ab222df0._.js:2297
[    4412ms] [LOG] [scroll-fix] Offset calculation: {navbarHeight: 81, breadcrumbHeight: 40, effectiveNavbarHeight: 0, baseGap: 0, extraOffset: 0} @ http://localhost:3000/_next/static/chunks/81ac0_next_dist_ab222df0._.js:2297
[    4419ms] [LOG] [scroll-diagnostics] navbar measured: 81px @ http://localhost:3000/_next/static/chunks/81ac0_next_dist_ab222df0._.js:2297
[    4420ms] [LOG] [scroll-diagnostics] breadcrumb measured: 40px (display: block, position: sticky) @ http://localhost:3000/_next/static/chunks/81ac0_next_dist_ab222df0._.js:2297
[    4420ms] [LOG] [scroll-fix] Offset calculation: {navbarHeight: 81, breadcrumbHeight: 40, effectiveNavbarHeight: 0, baseGap: 0, extraOffset: 0} @ http://localhost:3000/_next/static/chunks/81ac0_next_dist_ab222df0._.js:2297
[    4464ms] [LOG] [scroll-diagnostics] navbar measured: 81px @ http://localhost:3000/_next/static/chunks/81ac0_next_dist_ab222df0._.js:2297
[    4464ms] [LOG] [scroll-diagnostics] breadcrumb measured: 40px (display: block, position: sticky) @ http://localhost:3000/_next/static/chunks/81ac0_next_dist_ab222df0._.js:2297
[    4464ms] [LOG] [scroll-fix] Offset calculation: {navbarHeight: 81, breadcrumbHeight: 40, effectiveNavbarHeight: 0, baseGap: 0, extraOffset: 0} @ http://localhost:3000/_next/static/chunks/81ac0_next_dist_ab222df0._.js:2297
[   15061ms] [LOG] [Fast Refresh] rebuilding @ http://localhost:3000/_next/static/chunks/81ac0_next_dist_ab222df0._.js:2297
[   15116ms] [LOG] [Fast Refresh] done in 157ms @ http://localhost:3000/_next/static/chunks/81ac0_next_dist_ab222df0._.js:2297
[   23151ms] [LOG] [scroll-diagnostics] navbar measured: 81px @ http://localhost:3000/_next/static/chunks/81ac0_next_dist_ab222df0._.js:2297
[   23151ms] [LOG] [scroll-diagnostics] breadcrumb measured: 40px (display: block, position: sticky) @ http://localhost:3000/_next/static/chunks/81ac0_next_dist_ab222df0._.js:2297
[   23151ms] [LOG] [scroll-fix] Offset calculation: {navbarHeight: 81, breadcrumbHeight: 40, effectiveNavbarHeight: 0, baseGap: 38, extraOffset: 0} @ http://localhost:3000/_next/static/chunks/81ac0_next_dist_ab222df0._.js:2297
[   23151ms] [LOG] [scroll-fix] Scroll action: {targetElement: company-intro, currentScrollY: 966.6666870117188, targetRectTop: 0.2083333432674408, calculatedOffset: 78, finalScrollTop: 888.8750203549862} @ http://localhost:3000/_next/static/chunks/81ac0_next_dist_ab222df0._.js:2297
[   36281ms] [LOG] [scroll-diagnostics] navbar measured: 81px @ http://localhost:3000/_next/static/chunks/81ac0_next_dist_ab222df0._.js:2297
[   36281ms] [LOG] [scroll-diagnostics] breadcrumb measured: 40px (display: block, position: sticky) @ http://localhost:3000/_next/static/chunks/81ac0_next_dist_ab222df0._.js:2297
[   36281ms] [LOG] [scroll-fix] Offset calculation: {navbarHeight: 81, breadcrumbHeight: 40, effectiveNavbarHeight: 0, baseGap: 38, extraOffset: 0} @ http://localhost:3000/_next/static/chunks/81ac0_next_dist_ab222df0._.js:2297
[   36281ms] [LOG] [scroll-fix] Scroll action: {targetElement: directors, currentScrollY: 1774.6666259765625, targetRectTop: 0.2916666865348816, calculatedOffset: 78, finalScrollTop: 1696.9582926630974} @ http://localhost:3000/_next/static/chunks/81ac0_next_dist_ab222df0._.js:2297
[   37059ms] [LOG] [scroll-diagnostics] navbar measured: 81px @ http://localhost:3000/_next/static/chunks/81ac0_next_dist_ab222df0._.js:2297
[   37059ms] [LOG] [scroll-diagnostics] breadcrumb measured: 40px (display: block, position: sticky) @ http://localhost:3000/_next/static/chunks/81ac0_next_dist_ab222df0._.js:2297
[   37059ms] [LOG] [scroll-fix] Offset calculation: {navbarHeight: 81, breadcrumbHeight: 40, effectiveNavbarHeight: 0, baseGap: 38, extraOffset: 0} @ http://localhost:3000/_next/static/chunks/81ac0_next_dist_ab222df0._.js:2297
[   37059ms] [LOG] [scroll-fix] Scroll action: {targetElement: timeline, currentScrollY: 3812.666748046875, targetRectTop: 0.2916666865348816, calculatedOffset: 78, finalScrollTop: 3734.95841473341} @ http://localhost:3000/_next/static/chunks/81ac0_next_dist_ab222df0._.js:2297
[   37885ms] [LOG] [scroll-diagnostics] navbar measured: 81px @ http://localhost:3000/_next/static/chunks/81ac0_next_dist_ab222df0._.js:2297
[   37885ms] [LOG] [scroll-diagnostics] breadcrumb measured: 40px (display: block, position: sticky) @ http://localhost:3000/_next/static/chunks/81ac0_next_dist_ab222df0._.js:2297
[   37885ms] [LOG] [scroll-fix] Offset calculation: {navbarHeight: 81, breadcrumbHeight: 40, effectiveNavbarHeight: 0, baseGap: 38, extraOffset: 0} @ http://localhost:3000/_next/static/chunks/81ac0_next_dist_ab222df0._.js:2297
[   37885ms] [LOG] [scroll-fix] Scroll action: {targetElement: vision-mission, currentScrollY: 7258, targetRectTop: -0.25, calculatedOffset: 78, finalScrollTop: 7179.75} @ http://localhost:3000/_next/static/chunks/81ac0_next_dist_ab222df0._.js:2297
[   50361ms] [LOG] [Fast Refresh] rebuilding @ http://localhost:3000/_next/static/chunks/81ac0_next_dist_ab222df0._.js:2297
[   50459ms] [WARNING] [Fast Refresh] performing full reload

Fast Refresh will perform a full reload when you edit a file that's imported by modules outside of the React rendering tree.
You might have a file which exports a React component but also exports a value that is imported by a non-React component file.
Consider migrating the non-React component export to a separate file and importing it into both files.

It is also possible the parent component of the component you edited is a class component, which disables Fast Refresh.
Fast Refresh requires at least one parent function component in your React tree. @ http://localhost:3000/_next/static/chunks/81ac0_next_dist_ab222df0._.js:2297
[   50464ms] [LOG] [Fast Refresh] done in 201ms @ http://localhost:3000/_next/static/chunks/81ac0_next_dist_ab222df0._.js:2297
[   50585ms] [LOG] [Fast Refresh] rebuilding @ http://localhost:3000/_next/static/chunks/81ac0_next_dist_ab222df0._.js:2297
[   51261ms] [LOG] [Fast Refresh] done in 782ms @ http://localhost:3000/_next/static/chunks/81ac0_next_dist_ab222df0._.js:2297
[   51383ms] [LOG] [Fast Refresh] rebuilding @ http://localhost:3000/_next/static/chunks/81ac0_next_dist_ab222df0._.js:2297
[   51555ms] [LOG] [Fast Refresh] done in 275ms @ http://localhost:3000/_next/static/chunks/81ac0_next_dist_ab222df0._.js:2297
[   51769ms] [INFO] %cDownload the React DevTools for a better development experience: https://react.dev/link/react-devtools font-weight:bold @ http://localhost:3000/_next/static/chunks/81ac0_next_dist_ab222df0._.js:2297
[   51854ms] [LOG] [HMR] connected @ http://localhost:3000/_next/static/chunks/81ac0_next_dist_ab222df0._.js:2297
[   52393ms] [LOG] [scroll-diagnostics] navbar measured: 81px @ http://localhost:3000/_next/static/chunks/81ac0_next_dist_ab222df0._.js:2297
[   52394ms] [LOG] [scroll-diagnostics] breadcrumb measured: 40px (display: block, position: sticky) @ http://localhost:3000/_next/static/chunks/81ac0_next_dist_ab222df0._.js:2297
[   52395ms] [LOG] [scroll-fix] Offset calculation: {navbarHeight: 81, breadcrumbHeight: 40, effectiveNavbarHeight: 0, baseGap: 0, extraOffset: 0} @ http://localhost:3000/_next/static/chunks/81ac0_next_dist_ab222df0._.js:2297
[   52443ms] [LOG] [scroll-diagnostics] navbar measured: 81px @ http://localhost:3000/_next/static/chunks/81ac0_next_dist_ab222df0._.js:2297
[   52443ms] [LOG] [scroll-diagnostics] breadcrumb measured: 40px (display: block, position: sticky) @ http://localhost:3000/_next/static/chunks/81ac0_next_dist_ab222df0._.js:2297
[   52443ms] [LOG] [scroll-fix] Offset calculation: {navbarHeight: 81, breadcrumbHeight: 40, effectiveNavbarHeight: 0, baseGap: 0, extraOffset: 0} @ http://localhost:3000/_next/static/chunks/81ac0_next_dist_ab222df0._.js:2297
[   52746ms] [LOG] %c[Vercel Web Analytics]%c Debug mode is enabled by default in development. No requests will be sent to the server. color: rgb(120, 120, 120) color: inherit @ http://localhost:3000/_next/static/chunks/81ac0_next_dist_ab222df0._.js:2297
[   52746ms] [LOG] %c[Vercel Web Analytics]%c Running queued event color: rgb(120, 120, 120) color: inherit pageview {route: /about, path: /about} @ http://localhost:3000/_next/static/chunks/81ac0_next_dist_ab222df0._.js:2297
[   52747ms] [LOG] %c[Vercel Web Analytics]%c [view] http://localhost:3000/about#vision-mission color: rgb(120, 120, 120) color: inherit {o: http://localhost:3000/about#vision-mission, sv: 0.1.3, sdkn: @vercel/analytics/next, sdkv: 1.6.1, ts: 1776700839271} /_vercel/insights/view @ http://localhost:3000/_next/static/chunks/81ac0_next_dist_ab222df0._.js:2297
