[     129ms] [LOG] [Fast Refresh] rebuilding @ http://localhost:3000/_next/static/chunks/81ac0_next_dist_ab222df0._.js:2297
[     331ms] [LOG] [Fast Refresh] done in 304ms @ http://localhost:3000/_next/static/chunks/81ac0_next_dist_ab222df0._.js:2297
[     475ms] [INFO] %cDownload the React DevTools for a better development experience: https://react.dev/link/react-devtools font-weight:bold @ http://localhost:3000/_next/static/chunks/81ac0_next_dist_ab222df0._.js:2297
[     518ms] [LOG] [HMR] connected @ http://localhost:3000/_next/static/chunks/81ac0_next_dist_ab222df0._.js:2297
[     960ms] [LOG] [Fast Refresh] rebuilding @ http://localhost:3000/_next/static/chunks/81ac0_next_dist_ab222df0._.js:2297
[    1073ms] [LOG] [Fast Refresh] done in 222ms @ http://localhost:3000/_next/static/chunks/81ac0_next_dist_ab222df0._.js:2297
[    1097ms] [LOG] [scroll-diagnostics] navbar measured: 81px @ http://localhost:3000/_next/static/chunks/81ac0_next_dist_ab222df0._.js:2297
[    1097ms] [LOG] [scroll-diagnostics] breadcrumb measured: 40px (display: block, position: sticky) @ http://localhost:3000/_next/static/chunks/81ac0_next_dist_ab222df0._.js:2297
[    1098ms] [LOG] [scroll-fix] Offset calculation: {navbarHeight: 81, breadcrumbHeight: 40, effectiveNavbarHeight: 0, baseGap: 0, extraOffset: 0} @ http://localhost:3000/_next/static/chunks/81ac0_next_dist_ab222df0._.js:2297
[    1141ms] [LOG] [scroll-diagnostics] navbar measured: 81px @ http://localhost:3000/_next/static/chunks/81ac0_next_dist_ab222df0._.js:2297
[    1142ms] [LOG] [scroll-diagnostics] breadcrumb measured: 40px (display: block, position: sticky) @ http://localhost:3000/_next/static/chunks/81ac0_next_dist_ab222df0._.js:2297
[    1142ms] [LOG] [scroll-fix] Offset calculation: {navbarHeight: 81, breadcrumbHeight: 40, effectiveNavbarHeight: 0, baseGap: 0, extraOffset: 0} @ http://localhost:3000/_next/static/chunks/81ac0_next_dist_ab222df0._.js:2297
[    1375ms] [LOG] %c[Vercel Web Analytics]%c Debug mode is enabled by default in development. No requests will be sent to the server. color: rgb(120, 120, 120) color: inherit @ http://localhost:3000/_next/static/chunks/81ac0_next_dist_ab222df0._.js:2297
[    1375ms] [LOG] %c[Vercel Web Analytics]%c Running queued event color: rgb(120, 120, 120) color: inherit pageview {route: /about, path: /about} @ http://localhost:3000/_next/static/chunks/81ac0_next_dist_ab222df0._.js:2297
[    1376ms] [LOG] %c[Vercel Web Analytics]%c [view] http://localhost:3000/about color: rgb(120, 120, 120) color: inherit {o: http://localhost:3000/about, sv: 0.1.3, sdkn: @vercel/analytics/next, sdkv: 1.6.1, ts: 1776700841979} /_vercel/insights/view @ http://localhost:3000/_next/static/chunks/81ac0_next_dist_ab222df0._.js:2297
[    4912ms] [LOG] [scroll-diagnostics] navbar measured: 81px @ http://localhost:3000/_next/static/chunks/81ac0_next_dist_ab222df0._.js:2297
[    4912ms] [LOG] [scroll-diagnostics] breadcrumb measured: 40px (display: block, position: sticky) @ http://localhost:3000/_next/static/chunks/81ac0_next_dist_ab222df0._.js:2297
[    4912ms] [LOG] [scroll-fix] Offset calculation: {navbarHeight: 81, breadcrumbHeight: 40, effectiveNavbarHeight: 0, baseGap: 38, extraOffset: 0} @ http://localhost:3000/_next/static/chunks/81ac0_next_dist_ab222df0._.js:2297
[    5416ms] [LOG] [scroll-diagnostics] navbar measured: 81px @ http://localhost:3000/_next/static/chunks/81ac0_next_dist_ab222df0._.js:2297
[    5416ms] [LOG] [scroll-diagnostics] breadcrumb measured: 40px (display: block, position: sticky) @ http://localhost:3000/_next/static/chunks/81ac0_next_dist_ab222df0._.js:2297
[    5416ms] [LOG] [scroll-fix] Offset calculation: {navbarHeight: 81, breadcrumbHeight: 40, effectiveNavbarHeight: 0, baseGap: 38, extraOffset: 0} @ http://localhost:3000/_next/static/chunks/81ac0_next_dist_ab222df0._.js:2297
[   15443ms] [LOG] [DEBUG] Sections with IDs: [company-intro, directors, director-2, timeline, peace-of-mind, vision-mission, certifications, core-values, community, why-choose-us] @ http://localhost:3000/_next/static/chunks/81ac0_next_dist_ab222df0._.js:2297
[   15444ms] [LOG] [DEBUG] All elements with IDs: [about-submenu, company-intro, directors, director-2, timeline, peace-of-mind, vision-mission, certifications, core-values, value-Integrity, value-Excellence, value-Teamwork, value-Innovation, value-Reliability, value-Community, community, why-choose-us, _R_] @ http://localhost:3000/_next/static/chunks/81ac0_next_dist_ab222df0._.js:2297
[   20405ms] [LOG] [DEBUG-TEST] Found 10 sections @ http://localhost:3000/_next/static/chunks/81ac0_next_dist_ab222df0._.js:2297
[   20406ms] [LOG] [DEBUG-TEST] First section ( company-intro ) position: {top: 366.875, height: 808.0833740234375, visible: true} @ http://localhost:3000/_next/static/chunks/81ac0_next_dist_ab222df0._.js:2297
[   20406ms] [LOG] [DEBUG-TEST] Current scroll position: 600 @ http://localhost:3000/_next/static/chunks/81ac0_next_dist_ab222df0._.js:2297
[   26173ms] [LOG] [Fast Refresh] rebuilding @ http://localhost:3000/_next/static/chunks/81ac0_next_dist_ab222df0._.js:2297
