[     511ms] [INFO] %cDownload the React DevTools for a better development experience: https://react.dev/link/react-devtools font-weight:bold @ http://localhost:3000/_next/static/chunks/81ac0_next_dist_ab222df0._.js:2297
[     628ms] [LOG] [HMR] connected @ http://localhost:3000/_next/static/chunks/81ac0_next_dist_ab222df0._.js:2297
[     985ms] [LOG] %c[Vercel Web Analytics]%c Debug mode is enabled by default in development. No requests will be sent to the server. color: rgb(120, 120, 120) color: inherit @ http://localhost:3000/_next/static/chunks/81ac0_next_dist_ab222df0._.js:2297
[     986ms] [LOG] %c[Vercel Web Analytics]%c Running queued event color: rgb(120, 120, 120) color: inherit pageview {route: /quotation, path: /quotation} @ http://localhost:3000/_next/static/chunks/81ac0_next_dist_ab222df0._.js:2297
[     986ms] [LOG] %c[Vercel Web Analytics]%c [view] http://localhost:3000/quotation color: rgb(120, 120, 120) color: inherit {o: http://localhost:3000/quotation, sv: 0.1.3, sdkn: @vercel/analytics/next, sdkv: 1.6.1, ts: 1776859822062} /_vercel/insights/view @ http://localhost:3000/_next/static/chunks/81ac0_next_dist_ab222df0._.js:2297
[    3400ms] [LOG] [Fast Refresh] rebuilding @ http://localhost:3000/_next/static/chunks/81ac0_next_dist_ab222df0._.js:2297
[    3612ms] [LOG] [Fast Refresh] done in 313ms @ http://localhost:3000/_next/static/chunks/81ac0_next_dist_ab222df0._.js:2297
[   44728ms] [LOG] [Fast Refresh] rebuilding @ http://localhost:3000/_next/static/chunks/81ac0_next_dist_ab222df0._.js:2297
[   44743ms] [LOG] [Fast Refresh] done in 118ms @ http://localhost:3000/_next/static/chunks/81ac0_next_dist_ab222df0._.js:2297
[  160145ms] [LOG] [Fast Refresh] rebuilding @ http://localhost:3000/_next/static/chunks/81ac0_next_dist_ab222df0._.js:2297
[  160298ms] [WARNING] [Fast Refresh] performing full reload

Fast Refresh will perform a full reload when you edit a file that's imported by modules outside of the React rendering tree.
You might have a file which exports a React component but also exports a value that is imported by a non-React component file.
Consider migrating the non-React component export to a separate file and importing it into both files.

It is also possible the parent component of the component you edited is a class component, which disables Fast Refresh.
Fast Refresh requires at least one parent function component in your React tree. @ http://localhost:3000/_next/static/chunks/81ac0_next_dist_ab222df0._.js:2297
[  160325ms] [LOG] [Fast Refresh] done in 251ms @ http://localhost:3000/_next/static/chunks/81ac0_next_dist_ab222df0._.js:2297
[  160436ms] [LOG] [Fast Refresh] rebuilding @ http://localhost:3000/_next/static/chunks/81ac0_next_dist_ab222df0._.js:2297
[  161391ms] [LOG] [Fast Refresh] done in 1057ms @ http://localhost:3000/_next/static/chunks/81ac0_next_dist_ab222df0._.js:2297
[  162248ms] [INFO] %cDownload the React DevTools for a better development experience: https://react.dev/link/react-devtools font-weight:bold @ http://localhost:3000/_next/static/chunks/81ac0_next_dist_ab222df0._.js:2297
[  162317ms] [LOG] [HMR] connected @ http://localhost:3000/_next/static/chunks/81ac0_next_dist_ab222df0._.js:2297
[  162452ms] [LOG] [Fast Refresh] rebuilding @ http://localhost:3000/_next/static/chunks/81ac0_next_dist_ab222df0._.js:2297
[  162460ms] [LOG] [Fast Refresh] done in 111ms @ http://localhost:3000/_next/static/chunks/81ac0_next_dist_ab222df0._.js:2297
[  163045ms] [LOG] %c[Vercel Web Analytics]%c Debug mode is enabled by default in development. No requests will be sent to the server. color: rgb(120, 120, 120) color: inherit @ http://localhost:3000/_next/static/chunks/81ac0_next_dist_ab222df0._.js:2297
[  163046ms] [LOG] %c[Vercel Web Analytics]%c Running queued event color: rgb(120, 120, 120) color: inherit pageview {route: /quotation, path: /quotation} @ http://localhost:3000/_next/static/chunks/81ac0_next_dist_ab222df0._.js:2297
[  163046ms] [LOG] %c[Vercel Web Analytics]%c [view] http://localhost:3000/quotation color: rgb(120, 120, 120) color: inherit {o: http://localhost:3000/quotation, sv: 0.1.3, sdkn: @vercel/analytics/next, sdkv: 1.6.1, ts: 1776859984121} /_vercel/insights/view @ http://localhost:3000/_next/static/chunks/81ac0_next_dist_ab222df0._.js:2297
[  193646ms] [LOG] [Fast Refresh] rebuilding @ http://localhost:3000/_next/static/chunks/81ac0_next_dist_ab222df0._.js:2297
[  193833ms] [LOG] [Fast Refresh] done in 292ms @ http://localhost:3000/_next/static/chunks/81ac0_next_dist_ab222df0._.js:2297
[  440055ms] [LOG] [Fast Refresh] rebuilding @ http://localhost:3000/_next/static/chunks/81ac0_next_dist_ab222df0._.js:2297
[  440190ms] [WARNING] [Fast Refresh] performing full reload

Fast Refresh will perform a full reload when you edit a file that's imported by modules outside of the React rendering tree.
You might have a file which exports a React component but also exports a value that is imported by a non-React component file.
Consider migrating the non-React component export to a separate file and importing it into both files.

It is also possible the parent component of the component you edited is a class component, which disables Fast Refresh.
Fast Refresh requires at least one parent function component in your React tree. @ http://localhost:3000/_next/static/chunks/81ac0_next_dist_ab222df0._.js:2297
[  440208ms] [LOG] [Fast Refresh] done in 236ms @ http://localhost:3000/_next/static/chunks/81ac0_next_dist_ab222df0._.js:2297
[  440321ms] [LOG] [Fast Refresh] rebuilding @ http://localhost:3000/_next/static/chunks/81ac0_next_dist_ab222df0._.js:2297
[  441683ms] [LOG] [Fast Refresh] done in 1465ms @ http://localhost:3000/_next/static/chunks/81ac0_next_dist_ab222df0._.js:2297
[  441799ms] [WARNING] [Fast Refresh] performing full reload

Fast Refresh will perform a full reload when you edit a file that's imported by modules outside of the React rendering tree.
You might have a file which exports a React component but also exports a value that is imported by a non-React component file.
Consider migrating the non-React component export to a separate file and importing it into both files.

It is also possible the parent component of the component you edited is a class component, which disables Fast Refresh.
Fast Refresh requires at least one parent function component in your React tree. @ http://localhost:3000/_next/static/chunks/81ac0_next_dist_ab222df0._.js:2297
[  441934ms] [LOG] [Fast Refresh] rebuilding @ http://localhost:3000/_next/static/chunks/81ac0_next_dist_ab222df0._.js:2297
[  442991ms] [LOG] [Fast Refresh] done in 1162ms @ http://localhost:3000/_next/static/chunks/81ac0_next_dist_ab222df0._.js:2297
[  443230ms] [INFO] %cDownload the React DevTools for a better development experience: https://react.dev/link/react-devtools font-weight:bold @ http://localhost:3000/_next/static/chunks/81ac0_next_dist_ab222df0._.js:2297
[  443296ms] [LOG] [HMR] connected @ http://localhost:3000/_next/static/chunks/81ac0_next_dist_ab222df0._.js:2297
[  443592ms] [LOG] %c[Vercel Web Analytics]%c Debug mode is enabled by default in development. No requests will be sent to the server. color: rgb(120, 120, 120) color: inherit @ http://localhost:3000/_next/static/chunks/81ac0_next_dist_ab222df0._.js:2297
[  443592ms] [LOG] %c[Vercel Web Analytics]%c Running queued event color: rgb(120, 120, 120) color: inherit pageview {route: /quotation, path: /quotation} @ http://localhost:3000/_next/static/chunks/81ac0_next_dist_ab222df0._.js:2297
[  443593ms] [LOG] %c[Vercel Web Analytics]%c [view] http://localhost:3000/quotation color: rgb(120, 120, 120) color: inherit {o: http://localhost:3000/quotation, sv: 0.1.3, sdkn: @vercel/analytics/next, sdkv: 1.6.1, ts: 1776860264668} /_vercel/insights/view @ http://localhost:3000/_next/static/chunks/81ac0_next_dist_ab222df0._.js:2297
[  445483ms] [LOG] [Fast Refresh] rebuilding @ http://localhost:3000/_next/static/chunks/81ac0_next_dist_ab222df0._.js:2297
[  446076ms] [LOG] [Fast Refresh] done in 160ms @ http://localhost:3000/_next/static/chunks/81ac0_next_dist_ab222df0._.js:2297
[  515335ms] [LOG] [Fast Refresh] rebuilding @ http://localhost:3000/_next/static/chunks/81ac0_next_dist_ab222df0._.js:2297
[  516342ms] [LOG] [Fast Refresh] done in 295ms @ http://localhost:3000/_next/static/chunks/81ac0_next_dist_ab222df0._.js:2297
[  523412ms] [LOG] [Fast Refresh] rebuilding @ http://localhost:3000/_next/static/chunks/81ac0_next_dist_ab222df0._.js:2297
[  524110ms] [LOG] [Fast Refresh] done in 162ms @ http://localhost:3000/_next/static/chunks/81ac0_next_dist_ab222df0._.js:2297
[  524182ms] [ERROR] %o

%s TypeError: Cannot read properties of undefined (reading 'map')
    at fn (http://localhost:3000/_next/static/chunks/81ac0_next_dist_compiled_react-server-dom-turbopack_55071faf._.js:1915:24)
    at resolveErrorDev (http://localhost:3000/_next/static/chunks/81ac0_next_dist_compiled_react-server-dom-turbopack_55071faf._.js:1894:106)
    at processFullStringRow (http://localhost:3000/_next/static/chunks/81ac0_next_dist_compiled_react-server-dom-turbopack_55071faf._.js:2402:29)
    at processFullBinaryRow (http://localhost:3000/_next/static/chunks/81ac0_next_dist_compiled_react-server-dom-turbopack_55071faf._.js:2361:9)
    at processBinaryChunk (http://localhost:3000/_next/static/chunks/81ac0_next_dist_compiled_react-server-dom-turbopack_55071faf._.js:2470:221)
    at progress (http://localhost:3000/_next/static/chunks/81ac0_next_dist_compiled_react-server-dom-turbopack_55071faf._.js:2640:13) The above error occurred in the <QuotationPage> component. It was handled by the <ErrorBoundaryHandler> error boundary. @ http://localhost:3000/_next/static/chunks/81ac0_next_dist_client_a86ed7b7._.js:1342
[  530548ms] [LOG] [Fast Refresh] rebuilding @ http://localhost:3000/_next/static/chunks/81ac0_next_dist_ab222df0._.js:2297
[  530837ms] [LOG] [Fast Refresh] done in 393ms @ http://localhost:3000/_next/static/chunks/81ac0_next_dist_ab222df0._.js:2297
[  532991ms] [LOG] [Fast Refresh] rebuilding @ http://localhost:3000/_next/static/chunks/81ac0_next_dist_ab222df0._.js:2297
[  533709ms] [LOG] [Fast Refresh] done in 178ms @ http://localhost:3000/_next/static/chunks/81ac0_next_dist_ab222df0._.js:2297
[  533824ms] [LOG] [Fast Refresh] rebuilding @ http://localhost:3000/_next/static/chunks/81ac0_next_dist_ab222df0._.js:2297
[  533885ms] [LOG] [Fast Refresh] done in 162ms @ http://localhost:3000/_next/static/chunks/81ac0_next_dist_ab222df0._.js:2297
[  564735ms] [LOG] [Fast Refresh] rebuilding @ http://localhost:3000/_next/static/chunks/81ac0_next_dist_ab222df0._.js:2297
[  565336ms] [LOG] [Fast Refresh] done in 145ms @ http://localhost:3000/_next/static/chunks/81ac0_next_dist_ab222df0._.js:2297
[  568044ms] [LOG] [Fast Refresh] rebuilding @ http://localhost:3000/_next/static/chunks/81ac0_next_dist_ab222df0._.js:2297
[  568528ms] [LOG] [Fast Refresh] done in 590ms @ http://localhost:3000/_next/static/chunks/81ac0_next_dist_ab222df0._.js:2297
[  585817ms] [LOG] [Fast Refresh] rebuilding @ http://localhost:3000/_next/static/chunks/81ac0_next_dist_ab222df0._.js:2297
[  585823ms] [LOG] [Fast Refresh] done in 107ms @ http://localhost:3000/_next/static/chunks/81ac0_next_dist_ab222df0._.js:2297
[  617838ms] [LOG] [Fast Refresh] rebuilding @ http://localhost:3000/_next/static/chunks/81ac0_next_dist_ab222df0._.js:2297
[  618014ms] [LOG] [Fast Refresh] done in 284ms @ http://localhost:3000/_next/static/chunks/81ac0_next_dist_ab222df0._.js:2297
[  618224ms] [INFO] %cDownload the React DevTools for a better development experience: https://react.dev/link/react-devtools font-weight:bold @ http://localhost:3000/_next/static/chunks/81ac0_next_dist_ab222df0._.js:2297
[  618330ms] [LOG] [HMR] connected @ http://localhost:3000/_next/static/chunks/81ac0_next_dist_ab222df0._.js:2297
[  618663ms] [LOG] %c[Vercel Web Analytics]%c Debug mode is enabled by default in development. No requests will be sent to the server. color: rgb(120, 120, 120) color: inherit @ http://localhost:3000/_next/static/chunks/81ac0_next_dist_ab222df0._.js:2297
[  618663ms] [LOG] %c[Vercel Web Analytics]%c Running queued event color: rgb(120, 120, 120) color: inherit pageview {route: /quotation, path: /quotation} @ http://localhost:3000/_next/static/chunks/81ac0_next_dist_ab222df0._.js:2297
[  618664ms] [LOG] %c[Vercel Web Analytics]%c [view] http://localhost:3000/quotation color: rgb(120, 120, 120) color: inherit {o: http://localhost:3000/quotation, sv: 0.1.3, sdkn: @vercel/analytics/next, sdkv: 1.6.1, ts: 1776860439739} /_vercel/insights/view @ http://localhost:3000/_next/static/chunks/81ac0_next_dist_ab222df0._.js:2297
[  626170ms] [WARNING] Image with src "/images/brand-assets/nexgen-logo-full.png" has either width or height modified, but not the other. If you use CSS to change the size of your image, also include the styles 'width: "auto"' or 'height: "auto"' to maintain the aspect ratio. @ http://localhost:3000/_next/static/chunks/81ac0_next_dist_ab222df0._.js:2297
[  631422ms] [LOG] [Fast Refresh] rebuilding @ http://localhost:3000/_next/static/chunks/81ac0_next_dist_ab222df0._.js:2297
[  631423ms] [LOG] [Fast Refresh] done in 103ms @ http://localhost:3000/_next/static/chunks/81ac0_next_dist_ab222df0._.js:2297
[  633123ms] [LOG] [Fast Refresh] rebuilding @ http://localhost:3000/_next/static/chunks/81ac0_next_dist_ab222df0._.js:2297
[  633185ms] [LOG] [Fast Refresh] done in 162ms @ http://localhost:3000/_next/static/chunks/81ac0_next_dist_ab222df0._.js:2297
[  633526ms] [LOG] %c[Vercel Web Analytics]%c [view] http://localhost:3000/ color: rgb(120, 120, 120) color: inherit {o: http://localhost:3000/, sv: 0.1.3, sdkn: @vercel/analytics/next, sdkv: 1.6.1, ts: 1776860454584} /_vercel/insights/view @ http://localhost:3000/_next/static/chunks/81ac0_next_dist_ab222df0._.js:2297
[  654131ms] [LOG] [Fast Refresh] rebuilding @ http://localhost:3000/_next/static/chunks/81ac0_next_dist_ab222df0._.js:2297
[  654443ms] [LOG] [Fast Refresh] done in 414ms @ http://localhost:3000/_next/static/chunks/81ac0_next_dist_ab222df0._.js:2297
