[     538ms] [INFO] %cDownload the React DevTools for a better development experience: https://react.dev/link/react-devtools font-weight:bold @ http://localhost:3000/_next/static/chunks/81ac0_next_dist_ab222df0._.js:2297
[     675ms] [LOG] [HMR] connected @ http://localhost:3000/_next/static/chunks/81ac0_next_dist_ab222df0._.js:2297
[    1317ms] [LOG] %c[Vercel Web Analytics]%c Debug mode is enabled by default in development. No requests will be sent to the server. color: rgb(120, 120, 120) color: inherit @ http://localhost:3000/_next/static/chunks/81ac0_next_dist_ab222df0._.js:2297
[    1317ms] [LOG] %c[Vercel Web Analytics]%c Running queued event color: rgb(120, 120, 120) color: inherit pageview {route: /, path: /} @ http://localhost:3000/_next/static/chunks/81ac0_next_dist_ab222df0._.js:2297
[    1318ms] [LOG] %c[Vercel Web Analytics]%c [view] http://localhost:3000/ color: rgb(120, 120, 120) color: inherit {o: http://localhost:3000/, sv: 0.1.3, sdkn: @vercel/analytics/next, sdkv: 1.6.1, ts: 1776773761368} /_vercel/insights/view @ http://localhost:3000/_next/static/chunks/81ac0_next_dist_ab222df0._.js:2297
[   25024ms] [LOG] [Fast Refresh] rebuilding @ http://localhost:3000/_next/static/chunks/81ac0_next_dist_ab222df0._.js:2297
[   25043ms] [LOG] [Fast Refresh] done in 129ms @ http://localhost:3000/_next/static/chunks/81ac0_next_dist_ab222df0._.js:2297
[  110817ms] [LOG] [Fast Refresh] rebuilding @ http://localhost:3000/_next/static/chunks/81ac0_next_dist_ab222df0._.js:2297
[  110929ms] [WARNING] [Fast Refresh] performing full reload

Fast Refresh will perform a full reload when you edit a file that's imported by modules outside of the React rendering tree.
You might have a file which exports a React component but also exports a value that is imported by a non-React component file.
Consider migrating the non-React component export to a separate file and importing it into both files.

It is also possible the parent component of the component you edited is a class component, which disables Fast Refresh.
Fast Refresh requires at least one parent function component in your React tree. @ http://localhost:3000/_next/static/chunks/81ac0_next_dist_ab222df0._.js:2297
[  110935ms] [LOG] [Fast Refresh] done in 212ms @ http://localhost:3000/_next/static/chunks/81ac0_next_dist_ab222df0._.js:2297
[  111060ms] [LOG] [Fast Refresh] rebuilding @ http://localhost:3000/_next/static/chunks/81ac0_next_dist_ab222df0._.js:2297
[  111540ms] [LOG] [Fast Refresh] done in 585ms @ http://localhost:3000/_next/static/chunks/81ac0_next_dist_ab222df0._.js:2297
[  111909ms] [INFO] %cDownload the React DevTools for a better development experience: https://react.dev/link/react-devtools font-weight:bold @ http://localhost:3000/_next/static/chunks/81ac0_next_dist_ab222df0._.js:2297
[  112031ms] [LOG] [HMR] connected @ http://localhost:3000/_next/static/chunks/81ac0_next_dist_ab222df0._.js:2297
[  112566ms] [LOG] %c[Vercel Web Analytics]%c Debug mode is enabled by default in development. No requests will be sent to the server. color: rgb(120, 120, 120) color: inherit @ http://localhost:3000/_next/static/chunks/81ac0_next_dist_ab222df0._.js:2297
[  112567ms] [LOG] %c[Vercel Web Analytics]%c Running queued event color: rgb(120, 120, 120) color: inherit pageview {route: /, path: /} @ http://localhost:3000/_next/static/chunks/81ac0_next_dist_ab222df0._.js:2297
[  112567ms] [LOG] %c[Vercel Web Analytics]%c [view] http://localhost:3000/ color: rgb(120, 120, 120) color: inherit {o: http://localhost:3000/, sv: 0.1.3, sdkn: @vercel/analytics/next, sdkv: 1.6.1, ts: 1776773872618} /_vercel/insights/view @ http://localhost:3000/_next/static/chunks/81ac0_next_dist_ab222df0._.js:2297
[  188848ms] [LOG] [Fast Refresh] rebuilding @ http://localhost:3000/_next/static/chunks/81ac0_next_dist_ab222df0._.js:2297
[  188931ms] [WARNING] [Fast Refresh] performing full reload

Fast Refresh will perform a full reload when you edit a file that's imported by modules outside of the React rendering tree.
You might have a file which exports a React component but also exports a value that is imported by a non-React component file.
Consider migrating the non-React component export to a separate file and importing it into both files.

It is also possible the parent component of the component you edited is a class component, which disables Fast Refresh.
Fast Refresh requires at least one parent function component in your React tree. @ http://localhost:3000/_next/static/chunks/81ac0_next_dist_ab222df0._.js:2297
[  188940ms] [LOG] [Fast Refresh] done in 180ms @ http://localhost:3000/_next/static/chunks/81ac0_next_dist_ab222df0._.js:2297
[  189048ms] [LOG] [Fast Refresh] rebuilding @ http://localhost:3000/_next/static/chunks/81ac0_next_dist_ab222df0._.js:2297
[  189434ms] [LOG] [Fast Refresh] done in 487ms @ http://localhost:3000/_next/static/chunks/81ac0_next_dist_ab222df0._.js:2297
[  189855ms] [INFO] %cDownload the React DevTools for a better development experience: https://react.dev/link/react-devtools font-weight:bold @ http://localhost:3000/_next/static/chunks/81ac0_next_dist_ab222df0._.js:2297
[  189970ms] [LOG] [HMR] connected @ http://localhost:3000/_next/static/chunks/81ac0_next_dist_ab222df0._.js:2297
[  190718ms] [LOG] %c[Vercel Web Analytics]%c Debug mode is enabled by default in development. No requests will be sent to the server. color: rgb(120, 120, 120) color: inherit @ http://localhost:3000/_next/static/chunks/81ac0_next_dist_ab222df0._.js:2297
[  190718ms] [LOG] %c[Vercel Web Analytics]%c Running queued event color: rgb(120, 120, 120) color: inherit pageview {route: /, path: /} @ http://localhost:3000/_next/static/chunks/81ac0_next_dist_ab222df0._.js:2297
[  190719ms] [LOG] %c[Vercel Web Analytics]%c [view] http://localhost:3000/ color: rgb(120, 120, 120) color: inherit {o: http://localhost:3000/, sv: 0.1.3, sdkn: @vercel/analytics/next, sdkv: 1.6.1, ts: 1776773950769} /_vercel/insights/view @ http://localhost:3000/_next/static/chunks/81ac0_next_dist_ab222df0._.js:2297
[  206757ms] [LOG] [Fast Refresh] rebuilding @ http://localhost:3000/_next/static/chunks/81ac0_next_dist_ab222df0._.js:2297
[  206995ms] [WARNING] [Fast Refresh] performing full reload

Fast Refresh will perform a full reload when you edit a file that's imported by modules outside of the React rendering tree.
You might have a file which exports a React component but also exports a value that is imported by a non-React component file.
Consider migrating the non-React component export to a separate file and importing it into both files.

It is also possible the parent component of the component you edited is a class component, which disables Fast Refresh.
Fast Refresh requires at least one parent function component in your React tree. @ http://localhost:3000/_next/static/chunks/81ac0_next_dist_ab222df0._.js:2297
[  206999ms] [LOG] [Fast Refresh] done in 338ms @ http://localhost:3000/_next/static/chunks/81ac0_next_dist_ab222df0._.js:2297
[  207146ms] [LOG] [Fast Refresh] rebuilding @ http://localhost:3000/_next/static/chunks/81ac0_next_dist_ab222df0._.js:2297
[  207709ms] [LOG] [Fast Refresh] done in 684ms @ http://localhost:3000/_next/static/chunks/81ac0_next_dist_ab222df0._.js:2297
[  208408ms] [INFO] %cDownload the React DevTools for a better development experience: https://react.dev/link/react-devtools font-weight:bold @ http://localhost:3000/_next/static/chunks/81ac0_next_dist_ab222df0._.js:2297
[  208452ms] [LOG] [HMR] connected @ http://localhost:3000/_next/static/chunks/81ac0_next_dist_ab222df0._.js:2297
[  209163ms] [LOG] %c[Vercel Web Analytics]%c Debug mode is enabled by default in development. No requests will be sent to the server. color: rgb(120, 120, 120) color: inherit @ http://localhost:3000/_next/static/chunks/81ac0_next_dist_ab222df0._.js:2297
[  209163ms] [LOG] %c[Vercel Web Analytics]%c Running queued event color: rgb(120, 120, 120) color: inherit pageview {route: /, path: /} @ http://localhost:3000/_next/static/chunks/81ac0_next_dist_ab222df0._.js:2297
[  209163ms] [LOG] %c[Vercel Web Analytics]%c [view] http://localhost:3000/ color: rgb(120, 120, 120) color: inherit {o: http://localhost:3000/, sv: 0.1.3, sdkn: @vercel/analytics/next, sdkv: 1.6.1, ts: 1776773969213} /_vercel/insights/view @ http://localhost:3000/_next/static/chunks/81ac0_next_dist_ab222df0._.js:2297
[  643354ms] [LOG] [Fast Refresh] rebuilding @ http://localhost:3000/_next/static/chunks/81ac0_next_dist_ab222df0._.js:2297
[  643496ms] [WARNING] [Fast Refresh] performing full reload

Fast Refresh will perform a full reload when you edit a file that's imported by modules outside of the React rendering tree.
You might have a file which exports a React component but also exports a value that is imported by a non-React component file.
Consider migrating the non-React component export to a separate file and importing it into both files.

It is also possible the parent component of the component you edited is a class component, which disables Fast Refresh.
Fast Refresh requires at least one parent function component in your React tree. @ http://localhost:3000/_next/static/chunks/81ac0_next_dist_ab222df0._.js:2297
[  643502ms] [LOG] [Fast Refresh] done in 242ms @ http://localhost:3000/_next/static/chunks/81ac0_next_dist_ab222df0._.js:2297
[  643622ms] [LOG] [Fast Refresh] rebuilding @ http://localhost:3000/_next/static/chunks/81ac0_next_dist_ab222df0._.js:2297
[  644162ms] [LOG] [Fast Refresh] done in 640ms @ http://localhost:3000/_next/static/chunks/81ac0_next_dist_ab222df0._.js:2297
[  644609ms] [INFO] %cDownload the React DevTools for a better development experience: https://react.dev/link/react-devtools font-weight:bold @ http://localhost:3000/_next/static/chunks/81ac0_next_dist_ab222df0._.js:2297
[  644743ms] [LOG] [HMR] connected @ http://localhost:3000/_next/static/chunks/81ac0_next_dist_ab222df0._.js:2297
[  645639ms] [LOG] %c[Vercel Web Analytics]%c Debug mode is enabled by default in development. No requests will be sent to the server. color: rgb(120, 120, 120) color: inherit @ http://localhost:3000/_next/static/chunks/81ac0_next_dist_ab222df0._.js:2297
[  645640ms] [LOG] %c[Vercel Web Analytics]%c Running queued event color: rgb(120, 120, 120) color: inherit pageview {route: /, path: /} @ http://localhost:3000/_next/static/chunks/81ac0_next_dist_ab222df0._.js:2297
[  645641ms] [LOG] %c[Vercel Web Analytics]%c [view] http://localhost:3000/ color: rgb(120, 120, 120) color: inherit {o: http://localhost:3000/, sv: 0.1.3, sdkn: @vercel/analytics/next, sdkv: 1.6.1, ts: 1776774405691} /_vercel/insights/view @ http://localhost:3000/_next/static/chunks/81ac0_next_dist_ab222df0._.js:2297
[  662494ms] [LOG] [Fast Refresh] rebuilding @ http://localhost:3000/_next/static/chunks/81ac0_next_dist_ab222df0._.js:2297
[  662498ms] [LOG] [Fast Refresh] done in 105ms @ http://localhost:3000/_next/static/chunks/81ac0_next_dist_ab222df0._.js:2297
[  667324ms] [LOG] [Fast Refresh] rebuilding @ http://localhost:3000/_next/static/chunks/81ac0_next_dist_ab222df0._.js:2297
[  667372ms] [LOG] [Fast Refresh] done in 148ms @ http://localhost:3000/_next/static/chunks/81ac0_next_dist_ab222df0._.js:2297
[  667523ms] [LOG] [Fast Refresh] rebuilding @ http://localhost:3000/_next/static/chunks/81ac0_next_dist_ab222df0._.js:2297
[  667527ms] [LOG] [Fast Refresh] done in 120ms @ http://localhost:3000/_next/static/chunks/81ac0_next_dist_ab222df0._.js:2297
